[35m[Appium][39m Welcome to Appium v1.14.1
[35m[Appium][39m Non-default server args:
[35m[Appium][39m   port: 57973
[35m[Appium][39m   loglevel: info
[35m[Appium][39m   chromeDriverPort: 57974
[35m[Appium][39m   tmpDir: C:\Users\vgmahale\AppData\Local\Temp\\Katalon\Appium\Temp1567070512808
[35m[Appium][39m Appium REST http interface listener started on 0.0.0.0:57973
[35m[HTTP][39m [37m-->[39m [37mGET[39m [37m/wd/hub/status[39m
[35m[HTTP][39m [90m{}[39m
[35m[HTTP][39m [37m<-- GET /wd/hub/status [39m[32m200[39m [90m12 ms - 68[39m
[35m[HTTP][39m [90m[39m
[35m[HTTP][39m [37m-->[39m [37mGET[39m [37m/wd/hub/status[39m
[35m[HTTP][39m [90m{}[39m
[35m[HTTP][39m [37m<-- GET /wd/hub/status [39m[32m200[39m [90m2 ms - 68[39m
[35m[HTTP][39m [90m[39m
[35m[HTTP][39m [37m-->[39m [37mPOST[39m [37m/wd/hub/session[39m
[35m[HTTP][39m [90m{"desiredCapabilities":{"app":"C:\\Users\\vgmahale\\Downloads\\1BCA_NON_PROD_4.2.7.2.apk","noReset":true,"deviceName":"samsung SM-J710F (Android 8.1.0)","fullReset":false,"platform":"ANDROID","newCommandTimeout":1800,"platformVersion":"8.1.0","automationName":"uiautomator2","autoGrantPermissions":true,"platformName":"Android","udid":"3100ad5128d82303","systemPort":57991},"capabilities":{"firstMatch":[{"appium:app":"C:\\Users\\vgmahale\\Downloads\\1BCA_NON_PROD_4.2.7.2.apk","appium:autoGrantPermissions":true,"appium:automationName":"uiautomator2","appium:deviceName":"samsung SM-J710F (Android 8.1.0)","appium:fullReset":false,"appium:newCommandTimeout":1800,"appium:noReset":true,"platform":"ANDROID","platformName":"android","appium:platformVersion":"8.1.0","appium:systemPort":57991,"appium:udid":"3100ad5128d82303"}]}}[39m
[35m[BaseDriver][39m The capabilities ["platform"] are not standard capabilities and should have an extension prefix
[35m[Appium][39m Appium v1.14.1 creating new AndroidUiautomator2Driver (v1.33.1) session
[35m[Appium][39m Capabilities:
[35m[Appium][39m   platform: ANDROID
[35m[Appium][39m   platformName: android
[35m[Appium][39m   app: C:\Users\vgmahale\Downloads\1BCA_NON_PROD_4.2.7.2.apk
[35m[Appium][39m   autoGrantPermissions: true
[35m[Appium][39m   automationName: uiautomator2
[35m[Appium][39m   deviceName: samsung SM-J710F (Android 8.1.0)
[35m[Appium][39m   fullReset: false
[35m[Appium][39m   newCommandTimeout: 1800
[35m[Appium][39m   noReset: true
[35m[Appium][39m   platformVersion: 8.1.0
[35m[Appium][39m   systemPort: 57991
[35m[Appium][39m   udid: 3100ad5128d82303
[35m[BaseDriver][39m The following capabilities were provided, but are not recognized by appium: platform.
[35m[BaseDriver][39m Session created with session id: 83ec13e1-e3d9-47a2-aa73-2f0d84818f4b
[35m[BaseDriver][39m Using local app 'C:\Users\vgmahale\Downloads\1BCA_NON_PROD_4.2.7.2.apk'
[35m[ADB][39m Found 1 'build-tools' folders under 'C:\Users\vgmahale\.katalon\tools\android_sdk' (newest first):
[35m[ADB][39m     C:/Users/vgmahale/.katalon/tools/android_sdk/build-tools/29.0.2
[35m[ADB][39m Using 'adb.exe' from 'C:\Users\vgmahale\.katalon\tools\android_sdk\platform-tools\adb.exe'
[35m[AndroidDriver][39m Retrieving device list
[35m[AndroidDriver][39m Using device: 3100ad5128d82303
[35m[ADB][39m Using 'adb.exe' from 'C:\Users\vgmahale\.katalon\tools\android_sdk\platform-tools\adb.exe'
[35m[ADB][39m Using the alternative activity name detection method because of: Could not find 'apkanalyzer.bat' in ["C:\\Users\\vgmahale\\.katalon\\tools\\android_sdk\\platform-tools\\apkanalyzer.bat","C:\\Users\\vgmahale\\.katalon\\tools\\android_sdk\\emulator\\apkanalyzer.bat","C:\\Users\\vgmahale\\.katalon\\tools\\android_sdk\\tools\\apkanalyzer.bat","C:\\Users\\vgmahale\\.katalon\\tools\\android_sdk\\tools\\bin\\apkanalyzer.bat","C:\\Users\\vgmahale\\.katalon\\tools\\android_sdk\\build-tools\\29.0.2\\apkanalyzer.bat"]. Do you have Android Build Tools installed at 'C:\Users\vgmahale\.katalon\tools\android_sdk'?
[35m[ADB][39m Using 'aapt.exe' from 'C:\Users\vgmahale\.katalon\tools\android_sdk\build-tools\29.0.2\aapt.exe'
[35m[ADB][39m Extracting package and launch activity from manifest
[35m[ADB][39m Package name: 'com.nielsen.resources'
[35m[ADB][39m Main activity name: 'md51ae2547d9034532dc3093e20479d6aaa.SplashActivity'
[35m[ADB][39m Using 'apksigner.bat' from 'C:\Users\vgmahale\.katalon\tools\android_sdk\build-tools\29.0.2\apksigner.bat'
[35m[UiAutomator2][39m Server packages are not going to be (re)installed
[35m[UiAutomator2][39m Starting UIAutomator2 server 3.5.1
[35m[UiAutomator2][39m Using UIAutomator2 server from 'C:\Users\vgmahale\AppData\Roaming\npm\node_modules\appium\node_modules\appium-uiautomator2-server\apks\appium-uiautomator2-server-v3.5.1.apk' and test from 'C:\Users\vgmahale\AppData\Roaming\npm\node_modules\appium\node_modules\appium-uiautomator2-server\apks\appium-uiautomator2-server-debug-androidTest.apk'
[35m[UiAutomator2][39m Waiting up to 30000ms for UiAutomator2 to be online...
[35m[WD Proxy][39m Got an unexpected response: {"code":"ECONNRESET"}
[35m[WD Proxy][39m Got an unexpected response: {"code":"ECONNRESET"}
[35m[WD Proxy][39m Got an unexpected response: {"code":"ECONNRESET"}
[35m[WD Proxy][39m Got an unexpected response: {"code":"ECONNRESET"}
[35m[AndroidDriver][39m Screen already unlocked, doing nothing
[35m[UiAutomator2][39m UiAutomator2 did not start the activity we were waiting for, 'com.nielsen.resources/md51ae2547d9034532dc3093e20479d6aaa.SplashActivity'. Starting it ourselves
[35m[Appium][39m New AndroidUiautomator2Driver session created successfully, session 83ec13e1-e3d9-47a2-aa73-2f0d84818f4b added to master session list
[35m[HTTP][39m [37m<-- POST /wd/hub/session [39m[32m200[39m [90m74660 ms - 1244[39m
[35m[HTTP][39m [90m[39m
[35m[HTTP][39m [37m-->[39m [37mGET[39m [37m/wd/hub/session/83ec13e1-e3d9-47a2-aa73-2f0d84818f4b[39m
[35m[HTTP][39m [90m{}[39m
[35m[HTTP][39m [37m<-- GET /wd/hub/session/83ec13e1-e3d9-47a2-aa73-2f0d84818f4b [39m[32m200[39m [90m140 ms - 1176[39m
[35m[HTTP][39m [90m[39m
[35m[HTTP][39m [37m-->[39m [37mGET[39m [37m/wd/hub/session/83ec13e1-e3d9-47a2-aa73-2f0d84818f4b[39m
[35m[HTTP][39m [90m{}[39m
[35m[HTTP][39m [37m<-- GET /wd/hub/session/83ec13e1-e3d9-47a2-aa73-2f0d84818f4b [39m[32m200[39m [90m68 ms - 1176[39m
[35m[HTTP][39m [90m[39m
[35m[HTTP][39m [37m-->[39m [37mGET[39m [37m/wd/hub/status[39m
[35m[HTTP][39m [90m{}[39m
[35m[HTTP][39m [37m<-- GET /wd/hub/status [39m[32m200[39m [90m1 ms - 68[39m
[35m[HTTP][39m [90m[39m
[35m[HTTP][39m [37m-->[39m [37mPOST[39m [37m/wd/hub/session/83ec13e1-e3d9-47a2-aa73-2f0d84818f4b/timeouts[39m
[35m[HTTP][39m [90m{"implicit":60000}[39m
[35m[HTTP][39m [37m<-- POST /wd/hub/session/83ec13e1-e3d9-47a2-aa73-2f0d84818f4b/timeouts [39m[32m200[39m [90m18 ms - 14[39m
[35m[HTTP][39m [90m[39m
[35m[HTTP][39m [37m-->[39m [37mGET[39m [37m/wd/hub/session/83ec13e1-e3d9-47a2-aa73-2f0d84818f4b/source[39m
[35m[HTTP][39m [90m{}[39m
[35m[W3C (83ec13e1)][39m Driver proxy active, passing request on via HTTP proxy
[35m[WD Proxy][39m Replacing sessionId 8081ca83-363d-427b-8656-0a293f804864 with 83ec13e1-e3d9-47a2-aa73-2f0d84818f4b
[35m[HTTP][39m [37m<-- GET /wd/hub/session/83ec13e1-e3d9-47a2-aa73-2f0d84818f4b/source [39m[32m200[39m [90m453 ms - 3311[39m
[35m[HTTP][39m [90m[39m
[35m[HTTP][39m [37m-->[39m [37mGET[39m [37m/wd/hub/session/83ec13e1-e3d9-47a2-aa73-2f0d84818f4b/screenshot[39m
[35m[HTTP][39m [90m{}[39m
[35m[HTTP][39m [37m<-- GET /wd/hub/session/83ec13e1-e3d9-47a2-aa73-2f0d84818f4b/screenshot [39m[32m200[39m [90m684 ms - 51912[39m
[35m[HTTP][39m [90m[39m
[35m[HTTP][39m [37m-->[39m [37mGET[39m [37m/wd/hub/session/83ec13e1-e3d9-47a2-aa73-2f0d84818f4b/source[39m
[35m[HTTP][39m [90m{}[39m
[35m[W3C (83ec13e1)][39m Driver proxy active, passing request on via HTTP proxy
[35m[WD Proxy][39m Replacing sessionId 8081ca83-363d-427b-8656-0a293f804864 with 83ec13e1-e3d9-47a2-aa73-2f0d84818f4b
[35m[HTTP][39m [37m<-- GET /wd/hub/session/83ec13e1-e3d9-47a2-aa73-2f0d84818f4b/source [39m[32m200[39m [90m303 ms - 4651[39m
[35m[HTTP][39m [90m[39m
[35m[HTTP][39m [37m-->[39m [37mGET[39m [37m/wd/hub/session/83ec13e1-e3d9-47a2-aa73-2f0d84818f4b/screenshot[39m
[35m[HTTP][39m [90m{}[39m
[35m[HTTP][39m [37m<-- GET /wd/hub/session/83ec13e1-e3d9-47a2-aa73-2f0d84818f4b/screenshot [39m[32m200[39m [90m860 ms - 116692[39m
[35m[HTTP][39m [90m[39m
[35m[HTTP][39m [37m-->[39m [37mGET[39m [37m/wd/hub/session/83ec13e1-e3d9-47a2-aa73-2f0d84818f4b/source[39m
[35m[HTTP][39m [90m{}[39m
[35m[W3C (83ec13e1)][39m Driver proxy active, passing request on via HTTP proxy
[35m[WD Proxy][39m Replacing sessionId 8081ca83-363d-427b-8656-0a293f804864 with 83ec13e1-e3d9-47a2-aa73-2f0d84818f4b
[35m[HTTP][39m [37m<-- GET /wd/hub/session/83ec13e1-e3d9-47a2-aa73-2f0d84818f4b/source [39m[32m200[39m [90m292 ms - 6031[39m
[35m[HTTP][39m [90m[39m
[35m[HTTP][39m [37m-->[39m [37mGET[39m [37m/wd/hub/session/83ec13e1-e3d9-47a2-aa73-2f0d84818f4b/screenshot[39m
[35m[HTTP][39m [90m{}[39m
[35m[HTTP][39m [37m<-- GET /wd/hub/session/83ec13e1-e3d9-47a2-aa73-2f0d84818f4b/screenshot [39m[32m200[39m [90m767 ms - 92928[39m
[35m[HTTP][39m [90m[39m
[35m[HTTP][39m [37m-->[39m [37mGET[39m [37m/wd/hub/session/83ec13e1-e3d9-47a2-aa73-2f0d84818f4b/source[39m
[35m[HTTP][39m [90m{}[39m
[35m[W3C (83ec13e1)][39m Driver proxy active, passing request on via HTTP proxy
[35m[WD Proxy][39m Replacing sessionId 8081ca83-363d-427b-8656-0a293f804864 with 83ec13e1-e3d9-47a2-aa73-2f0d84818f4b
[35m[HTTP][39m [37m<-- GET /wd/hub/session/83ec13e1-e3d9-47a2-aa73-2f0d84818f4b/source [39m[32m200[39m [90m505 ms - 21717[39m
[35m[HTTP][39m [90m[39m
[35m[HTTP][39m [37m-->[39m [37mGET[39m [37m/wd/hub/session/83ec13e1-e3d9-47a2-aa73-2f0d84818f4b/screenshot[39m
[35m[HTTP][39m [90m{}[39m
[35m[HTTP][39m [37m<-- GET /wd/hub/session/83ec13e1-e3d9-47a2-aa73-2f0d84818f4b/screenshot [39m[32m200[39m [90m700 ms - 111774[39m
[35m[HTTP][39m [90m[39m
[35m[BaseDriver][39m Shutting down because we waited 1800 seconds for a command
[35m[Appium][39m Closing session, cause was 'New Command Timeout of 1800 seconds expired. Try customizing the timeout using the 'newCommandTimeout' desired capability'
[35m[Appium][39m Removing session 83ec13e1-e3d9-47a2-aa73-2f0d84818f4b from our master session list
[35m[HTTP][39m [37m-->[39m [37mDELETE[39m [37m/wd/hub/session/83ec13e1-e3d9-47a2-aa73-2f0d84818f4b[39m
[35m[HTTP][39m [90m{}[39m
[35m[HTTP][39m [37m<-- DELETE /wd/hub/session/83ec13e1-e3d9-47a2-aa73-2f0d84818f4b [39m[33m404[39m [90m22 ms - 3148[39m
[35m[HTTP][39m [90m[39m
